<?xml version="1.0" encoding="UTF-8"?>
<testsuite xmlns:xsi="http://www.w3.org/2001/XMLSchema-instance" xsi:noNamespaceSchemaLocation="https://maven.apache.org/surefire/maven-surefire-plugin/xsd/surefire-test-report-3.0.xsd" version="3.0" name="org.percyScripts.myFirstPercySeleniumScriptTest" time="20.969" tests="1" errors="0" skipped="0" failures="0">
  <properties>
    <property name="java.specification.version" value="17"/>
    <property name="sun.jnu.encoding" value="UTF-8"/>
    <property name="java.class.path" value="/Users/abhimanyukoul/IdeaProjects/PercySeleniumJavaBrowserStackPlatformProject/target/test-classes:/Users/abhimanyukoul/IdeaProjects/PercySeleniumJavaBrowserStackPlatformProject/target/classes:/Users/abhimanyukoul/.m2/repository/org/seleniumhq/selenium/selenium-java/4.1.2/selenium-java-4.1.2.jar:/Users/abhimanyukoul/.m2/repository/org/seleniumhq/selenium/selenium-api/4.1.2/selenium-api-4.1.2.jar:/Users/abhimanyukoul/.m2/repository/org/seleniumhq/selenium/selenium-devtools-v85/4.1.2/selenium-devtools-v85-4.1.2.jar:/Users/abhimanyukoul/.m2/repository/org/seleniumhq/selenium/selenium-devtools-v95/4.1.2/selenium-devtools-v95-4.1.2.jar:/Users/abhimanyukoul/.m2/repository/org/seleniumhq/selenium/selenium-devtools-v96/4.1.2/selenium-devtools-v96-4.1.2.jar:/Users/abhimanyukoul/.m2/repository/org/seleniumhq/selenium/selenium-devtools-v97/4.1.2/selenium-devtools-v97-4.1.2.jar:/Users/abhimanyukoul/.m2/repository/org/seleniumhq/selenium/selenium-edge-driver/4.1.2/selenium-edge-driver-4.1.2.jar:/Users/abhimanyukoul/.m2/repository/org/seleniumhq/selenium/selenium-firefox-driver/4.1.2/selenium-firefox-driver-4.1.2.jar:/Users/abhimanyukoul/.m2/repository/org/seleniumhq/selenium/selenium-firefox-xpi-driver/4.1.2/selenium-firefox-xpi-driver-4.1.2.jar:/Users/abhimanyukoul/.m2/repository/org/seleniumhq/selenium/selenium-ie-driver/4.1.2/selenium-ie-driver-4.1.2.jar:/Users/abhimanyukoul/.m2/repository/org/seleniumhq/selenium/selenium-opera-driver/4.1.2/selenium-opera-driver-4.1.2.jar:/Users/abhimanyukoul/.m2/repository/org/seleniumhq/selenium/selenium-safari-driver/4.1.2/selenium-safari-driver-4.1.2.jar:/Users/abhimanyukoul/.m2/repository/org/seleniumhq/selenium/selenium-support/4.1.2/selenium-support-4.1.2.jar:/Users/abhimanyukoul/.m2/repository/org/seleniumhq/selenium/selenium-chrome-driver/4.1.2/selenium-chrome-driver-4.1.2.jar:/Users/abhimanyukoul/.m2/repository/com/google/auto/service/auto-service-annotations/1.0.1/auto-service-annotations-1.0.1.jar:/Users/abhimanyukoul/.m2/repository/com/google/auto/service/auto-service/1.0.1/auto-service-1.0.1.jar:/Users/abhimanyukoul/.m2/repository/com/google/auto/auto-common/1.2/auto-common-1.2.jar:/Users/abhimanyukoul/.m2/repository/com/google/guava/guava/31.0.1-jre/guava-31.0.1-jre.jar:/Users/abhimanyukoul/.m2/repository/com/google/guava/failureaccess/1.0.1/failureaccess-1.0.1.jar:/Users/abhimanyukoul/.m2/repository/com/google/guava/listenablefuture/9999.0-empty-to-avoid-conflict-with-guava/listenablefuture-9999.0-empty-to-avoid-conflict-with-guava.jar:/Users/abhimanyukoul/.m2/repository/com/google/code/findbugs/jsr305/3.0.2/jsr305-3.0.2.jar:/Users/abhimanyukoul/.m2/repository/org/checkerframework/checker-qual/3.12.0/checker-qual-3.12.0.jar:/Users/abhimanyukoul/.m2/repository/com/google/errorprone/error_prone_annotations/2.7.1/error_prone_annotations-2.7.1.jar:/Users/abhimanyukoul/.m2/repository/com/google/j2objc/j2objc-annotations/1.3/j2objc-annotations-1.3.jar:/Users/abhimanyukoul/.m2/repository/org/seleniumhq/selenium/selenium-chromium-driver/4.1.2/selenium-chromium-driver-4.1.2.jar:/Users/abhimanyukoul/.m2/repository/org/seleniumhq/selenium/selenium-json/4.1.2/selenium-json-4.1.2.jar:/Users/abhimanyukoul/.m2/repository/org/seleniumhq/selenium/selenium-remote-driver/4.1.2/selenium-remote-driver-4.1.2.jar:/Users/abhimanyukoul/.m2/repository/com/beust/jcommander/1.82/jcommander-1.82.jar:/Users/abhimanyukoul/.m2/repository/io/netty/netty-buffer/4.1.73.Final/netty-buffer-4.1.73.Final.jar:/Users/abhimanyukoul/.m2/repository/io/netty/netty-codec-http/4.1.73.Final/netty-codec-http-4.1.73.Final.jar:/Users/abhimanyukoul/.m2/repository/io/netty/netty-codec/4.1.73.Final/netty-codec-4.1.73.Final.jar:/Users/abhimanyukoul/.m2/repository/io/netty/netty-handler/4.1.73.Final/netty-handler-4.1.73.Final.jar:/Users/abhimanyukoul/.m2/repository/io/netty/netty-tcnative-classes/2.0.46.Final/netty-tcnative-classes-2.0.46.Final.jar:/Users/abhimanyukoul/.m2/repository/io/netty/netty-common/4.1.73.Final/netty-common-4.1.73.Final.jar:/Users/abhimanyukoul/.m2/repository/io/netty/netty-transport-classes-epoll/4.1.73.Final/netty-transport-classes-epoll-4.1.73.Final.jar:/Users/abhimanyukoul/.m2/repository/io/netty/netty-transport-classes-kqueue/4.1.73.Final/netty-transport-classes-kqueue-4.1.73.Final.jar:/Users/abhimanyukoul/.m2/repository/io/netty/netty-transport-native-epoll/4.1.73.Final/netty-transport-native-epoll-4.1.73.Final.jar:/Users/abhimanyukoul/.m2/repository/io/netty/netty-transport-native-kqueue/4.1.73.Final/netty-transport-native-kqueue-4.1.73.Final.jar:/Users/abhimanyukoul/.m2/repository/io/netty/netty-transport-native-unix-common/4.1.73.Final/netty-transport-native-unix-common-4.1.73.Final.jar:/Users/abhimanyukoul/.m2/repository/io/netty/netty-transport/4.1.73.Final/netty-transport-4.1.73.Final.jar:/Users/abhimanyukoul/.m2/repository/io/netty/netty-resolver/4.1.73.Final/netty-resolver-4.1.73.Final.jar:/Users/abhimanyukoul/.m2/repository/io/opentelemetry/opentelemetry-api/1.10.1/opentelemetry-api-1.10.1.jar:/Users/abhimanyukoul/.m2/repository/io/opentelemetry/opentelemetry-context/1.10.1/opentelemetry-context-1.10.1.jar:/Users/abhimanyukoul/.m2/repository/io/opentelemetry/opentelemetry-exporter-logging/1.10.1/opentelemetry-exporter-logging-1.10.1.jar:/Users/abhimanyukoul/.m2/repository/io/opentelemetry/opentelemetry-sdk-metrics/1.10.1-alpha/opentelemetry-sdk-metrics-1.10.1-alpha.jar:/Users/abhimanyukoul/.m2/repository/io/opentelemetry/opentelemetry-sdk-logs/1.10.1-alpha/opentelemetry-sdk-logs-1.10.1-alpha.jar:/Users/abhimanyukoul/.m2/repository/io/opentelemetry/opentelemetry-sdk-common/1.10.1/opentelemetry-sdk-common-1.10.1.jar:/Users/abhimanyukoul/.m2/repository/io/opentelemetry/opentelemetry-sdk-extension-autoconfigure-spi/1.10.1/opentelemetry-sdk-extension-autoconfigure-spi-1.10.1.jar:/Users/abhimanyukoul/.m2/repository/io/opentelemetry/opentelemetry-sdk-extension-autoconfigure/1.10.1-alpha/opentelemetry-sdk-extension-autoconfigure-1.10.1-alpha.jar:/Users/abhimanyukoul/.m2/repository/io/opentelemetry/opentelemetry-sdk-trace/1.10.1/opentelemetry-sdk-trace-1.10.1.jar:/Users/abhimanyukoul/.m2/repository/io/opentelemetry/opentelemetry-sdk/1.10.1/opentelemetry-sdk-1.10.1.jar:/Users/abhimanyukoul/.m2/repository/io/opentelemetry/opentelemetry-semconv/1.10.1-alpha/opentelemetry-semconv-1.10.1-alpha.jar:/Users/abhimanyukoul/.m2/repository/io/ous/jtoml/2.0.0/jtoml-2.0.0.jar:/Users/abhimanyukoul/.m2/repository/net/bytebuddy/byte-buddy/1.12.7/byte-buddy-1.12.7.jar:/Users/abhimanyukoul/.m2/repository/org/apache/commons/commons-exec/1.3/commons-exec-1.3.jar:/Users/abhimanyukoul/.m2/repository/org/asynchttpclient/async-http-client/2.12.3/async-http-client-2.12.3.jar:/Users/abhimanyukoul/.m2/repository/org/asynchttpclient/async-http-client-netty-utils/2.12.3/async-http-client-netty-utils-2.12.3.jar:/Users/abhimanyukoul/.m2/repository/io/netty/netty-codec-socks/4.1.60.Final/netty-codec-socks-4.1.60.Final.jar:/Users/abhimanyukoul/.m2/repository/io/netty/netty-handler-proxy/4.1.60.Final/netty-handler-proxy-4.1.60.Final.jar:/Users/abhimanyukoul/.m2/repository/io/netty/netty-transport-native-epoll/4.1.60.Final/netty-transport-native-epoll-4.1.60.Final-linux-x86_64.jar:/Users/abhimanyukoul/.m2/repository/io/netty/netty-transport-native-kqueue/4.1.60.Final/netty-transport-native-kqueue-4.1.60.Final-osx-x86_64.jar:/Users/abhimanyukoul/.m2/repository/org/reactivestreams/reactive-streams/1.0.3/reactive-streams-1.0.3.jar:/Users/abhimanyukoul/.m2/repository/com/typesafe/netty/netty-reactive-streams/2.0.4/netty-reactive-streams-2.0.4.jar:/Users/abhimanyukoul/.m2/repository/org/slf4j/slf4j-api/1.7.30/slf4j-api-1.7.30.jar:/Users/abhimanyukoul/.m2/repository/com/sun/activation/jakarta.activation/1.2.2/jakarta.activation-1.2.2.jar:/Users/abhimanyukoul/.m2/repository/org/seleniumhq/selenium/selenium-http/4.1.2/selenium-http-4.1.2.jar:/Users/abhimanyukoul/.m2/repository/net/jodah/failsafe/2.4.4/failsafe-2.4.4.jar:/Users/abhimanyukoul/.m2/repository/junit/junit/4.13.2/junit-4.13.2.jar:/Users/abhimanyukoul/.m2/repository/org/hamcrest/hamcrest-core/1.3/hamcrest-core-1.3.jar:/Users/abhimanyukoul/.m2/repository/org/apache/httpcomponents/httpclient/4.5.13/httpclient-4.5.13.jar:/Users/abhimanyukoul/.m2/repository/org/apache/httpcomponents/httpcore/4.4.13/httpcore-4.4.13.jar:/Users/abhimanyukoul/.m2/repository/commons-logging/commons-logging/1.2/commons-logging-1.2.jar:/Users/abhimanyukoul/.m2/repository/commons-codec/commons-codec/1.11/commons-codec-1.11.jar:/Users/abhimanyukoul/.m2/repository/com/browserstack/browserstack-local-java/1.0.6/browserstack-local-java-1.0.6.jar:/Users/abhimanyukoul/.m2/repository/commons-io/commons-io/1.3.2/commons-io-1.3.2.jar:/Users/abhimanyukoul/.m2/repository/org/json/json/20160212/json-20160212.jar:/Users/abhimanyukoul/.m2/repository/io/percy/percy-java-selenium/1.0.0/percy-java-selenium-1.0.0.jar:/Users/abhimanyukoul/.m2/repository/org/apache/maven/plugins/maven-surefire-report-plugin/3.0.0-M5/maven-surefire-report-plugin-3.0.0-M5.jar:/Users/abhimanyukoul/.m2/repository/org/apache/maven/surefire/surefire-report-parser/3.0.0-M5/surefire-report-parser-3.0.0-M5.jar:/Users/abhimanyukoul/.m2/repository/org/apache/maven/surefire/surefire-logger-api/3.0.0-M5/surefire-logger-api-3.0.0-M5.jar:/Users/abhimanyukoul/.m2/repository/org/apache/maven/surefire/surefire-shared-utils/3.0.0-M4/surefire-shared-utils-3.0.0-M4.jar:/Users/abhimanyukoul/.m2/repository/org/apache/maven/reporting/maven-reporting-api/3.0/maven-reporting-api-3.0.jar:/Users/abhimanyukoul/.m2/repository/org/apache/maven/maven-plugin-api/3.0/maven-plugin-api-3.0.jar:/Users/abhimanyukoul/.m2/repository/org/apache/maven/maven-model/3.0/maven-model-3.0.jar:/Users/abhimanyukoul/.m2/repository/org/apache/maven/maven-artifact/3.0/maven-artifact-3.0.jar:/Users/abhimanyukoul/.m2/repository/org/sonatype/sisu/sisu-inject-plexus/1.4.2/sisu-inject-plexus-1.4.2.jar:/Users/abhimanyukoul/.m2/repository/org/codehaus/plexus/plexus-classworlds/2.2.3/plexus-classworlds-2.2.3.jar:/Users/abhimanyukoul/.m2/repository/org/sonatype/sisu/sisu-inject-bean/1.4.2/sisu-inject-bean-1.4.2.jar:/Users/abhimanyukoul/.m2/repository/org/sonatype/sisu/sisu-guice/2.1.7/sisu-guice-2.1.7-noaop.jar:/Users/abhimanyukoul/.m2/repository/org/apache/maven/reporting/maven-reporting-impl/3.0.0/maven-reporting-impl-3.0.0.jar:/Users/abhimanyukoul/.m2/repository/org/apache/maven/maven-core/3.0/maven-core-3.0.jar:/Users/abhimanyukoul/.m2/repository/org/apache/maven/maven-settings/3.0/maven-settings-3.0.jar:/Users/abhimanyukoul/.m2/repository/org/apache/maven/maven-settings-builder/3.0/maven-settings-builder-3.0.jar:/Users/abhimanyukoul/.m2/repository/org/apache/maven/maven-repository-metadata/3.0/maven-repository-metadata-3.0.jar:/Users/abhimanyukoul/.m2/repository/org/apache/maven/maven-model-builder/3.0/maven-model-builder-3.0.jar:/Users/abhimanyukoul/.m2/repository/org/apache/maven/maven-aether-provider/3.0/maven-aether-provider-3.0.jar:/Users/abhimanyukoul/.m2/repository/org/sonatype/aether/aether-impl/1.7/aether-impl-1.7.jar:/Users/abhimanyukoul/.m2/repository/org/sonatype/aether/aether-spi/1.7/aether-spi-1.7.jar:/Users/abhimanyukoul/.m2/repository/org/sonatype/aether/aether-api/1.7/aether-api-1.7.jar:/Users/abhimanyukoul/.m2/repository/org/sonatype/aether/aether-util/1.7/aether-util-1.7.jar:/Users/abhimanyukoul/.m2/repository/org/codehaus/plexus/plexus-interpolation/1.14/plexus-interpolation-1.14.jar:/Users/abhimanyukoul/.m2/repository/org/sonatype/plexus/plexus-sec-dispatcher/1.3/plexus-sec-dispatcher-1.3.jar:/Users/abhimanyukoul/.m2/repository/org/sonatype/plexus/plexus-cipher/1.4/plexus-cipher-1.4.jar:/Users/abhimanyukoul/.m2/repository/org/apache/maven/shared/maven-shared-utils/3.2.0/maven-shared-utils-3.2.0.jar:/Users/abhimanyukoul/.m2/repository/org/codehaus/plexus/plexus-utils/3.0.24/plexus-utils-3.0.24.jar:/Users/abhimanyukoul/.m2/repository/org/apache/maven/doxia/doxia-sink-api/1.9.1/doxia-sink-api-1.9.1.jar:/Users/abhimanyukoul/.m2/repository/org/apache/maven/doxia/doxia-logging-api/1.9.1/doxia-logging-api-1.9.1.jar:/Users/abhimanyukoul/.m2/repository/org/apache/maven/doxia/doxia-decoration-model/1.9.2/doxia-decoration-model-1.9.2.jar:/Users/abhimanyukoul/.m2/repository/org/codehaus/plexus/plexus-component-annotations/2.0.0/plexus-component-annotations-2.0.0.jar:/Users/abhimanyukoul/.m2/repository/org/apache/maven/doxia/doxia-core/1.9.1/doxia-core-1.9.1.jar:/Users/abhimanyukoul/.m2/repository/org/codehaus/plexus/plexus-container-default/1.7.1/plexus-container-default-1.7.1.jar:/Users/abhimanyukoul/.m2/repository/org/apache/xbean/xbean-reflect/3.7/xbean-reflect-3.7.jar:/Users/abhimanyukoul/.m2/repository/com/google/collections/google-collections/1.0/google-collections-1.0.jar:/Users/abhimanyukoul/.m2/repository/org/apache/commons/commons-lang3/3.5/commons-lang3-3.5.jar:/Users/abhimanyukoul/.m2/repository/org/apache/maven/doxia/doxia-site-renderer/1.9.2/doxia-site-renderer-1.9.2.jar:/Users/abhimanyukoul/.m2/repository/org/apache/maven/doxia/doxia-skin-model/1.9.2/doxia-skin-model-1.9.2.jar:/Users/abhimanyukoul/.m2/repository/org/apache/maven/doxia/doxia-module-xhtml/1.9.1/doxia-module-xhtml-1.9.1.jar:/Users/abhimanyukoul/.m2/repository/org/apache/maven/doxia/doxia-module-xhtml5/1.9.1/doxia-module-xhtml5-1.9.1.jar:/Users/abhimanyukoul/.m2/repository/org/codehaus/plexus/plexus-i18n/1.0-beta-10/plexus-i18n-1.0-beta-10.jar:/Users/abhimanyukoul/.m2/repository/org/codehaus/plexus/plexus-velocity/1.2/plexus-velocity-1.2.jar:/Users/abhimanyukoul/.m2/repository/org/apache/velocity/velocity/1.7/velocity-1.7.jar:/Users/abhimanyukoul/.m2/repository/org/apache/velocity/velocity-tools/2.0/velocity-tools-2.0.jar:/Users/abhimanyukoul/.m2/repository/commons-beanutils/commons-beanutils/1.7.0/commons-beanutils-1.7.0.jar:/Users/abhimanyukoul/.m2/repository/commons-digester/commons-digester/1.8/commons-digester-1.8.jar:/Users/abhimanyukoul/.m2/repository/commons-chain/commons-chain/1.1/commons-chain-1.1.jar:/Users/abhimanyukoul/.m2/repository/dom4j/dom4j/1.1/dom4j-1.1.jar:/Users/abhimanyukoul/.m2/repository/oro/oro/2.0.8/oro-2.0.8.jar:/Users/abhimanyukoul/.m2/repository/commons-collections/commons-collections/3.2.2/commons-collections-3.2.2.jar:/Users/abhimanyukoul/.m2/repository/commons-lang/commons-lang/2.6/commons-lang-2.6.jar:"/>
    <property name="java.vm.vendor" value="Oracle Corporation"/>
    <property name="sun.arch.data.model" value="64"/>
    <property name="java.vendor.url" value="https://java.oracle.com/"/>
    <property name="os.name" value="Mac OS X"/>
    <property name="java.vm.specification.version" value="17"/>
    <property name="sun.java.launcher" value="SUN_STANDARD"/>
    <property name="user.country" value="IN"/>
    <property name="sun.boot.library.path" value="/Users/abhimanyukoul/Library/Java/JavaVirtualMachines/openjdk-17.0.2/Contents/Home/lib"/>
    <property name="sun.java.command" value="/Users/abhimanyukoul/IdeaProjects/PercySeleniumJavaBrowserStackPlatformProject/target/surefire/surefirebooter11080635504336627062.jar /Users/abhimanyukoul/IdeaProjects/PercySeleniumJavaBrowserStackPlatformProject/target/surefire 2022-06-01T18-56-17_745-jvmRun1 surefire13064130898626012417tmp surefire_07885354113278049004tmp"/>
    <property name="jdk.debug" value="release"/>
    <property name="test" value="myFirstPercySeleniumScriptTest"/>
    <property name="surefire.test.class.path" value="/Users/abhimanyukoul/IdeaProjects/PercySeleniumJavaBrowserStackPlatformProject/target/test-classes:/Users/abhimanyukoul/IdeaProjects/PercySeleniumJavaBrowserStackPlatformProject/target/classes:/Users/abhimanyukoul/.m2/repository/org/seleniumhq/selenium/selenium-java/4.1.2/selenium-java-4.1.2.jar:/Users/abhimanyukoul/.m2/repository/org/seleniumhq/selenium/selenium-api/4.1.2/selenium-api-4.1.2.jar:/Users/abhimanyukoul/.m2/repository/org/seleniumhq/selenium/selenium-devtools-v85/4.1.2/selenium-devtools-v85-4.1.2.jar:/Users/abhimanyukoul/.m2/repository/org/seleniumhq/selenium/selenium-devtools-v95/4.1.2/selenium-devtools-v95-4.1.2.jar:/Users/abhimanyukoul/.m2/repository/org/seleniumhq/selenium/selenium-devtools-v96/4.1.2/selenium-devtools-v96-4.1.2.jar:/Users/abhimanyukoul/.m2/repository/org/seleniumhq/selenium/selenium-devtools-v97/4.1.2/selenium-devtools-v97-4.1.2.jar:/Users/abhimanyukoul/.m2/repository/org/seleniumhq/selenium/selenium-edge-driver/4.1.2/selenium-edge-driver-4.1.2.jar:/Users/abhimanyukoul/.m2/repository/org/seleniumhq/selenium/selenium-firefox-driver/4.1.2/selenium-firefox-driver-4.1.2.jar:/Users/abhimanyukoul/.m2/repository/org/seleniumhq/selenium/selenium-firefox-xpi-driver/4.1.2/selenium-firefox-xpi-driver-4.1.2.jar:/Users/abhimanyukoul/.m2/repository/org/seleniumhq/selenium/selenium-ie-driver/4.1.2/selenium-ie-driver-4.1.2.jar:/Users/abhimanyukoul/.m2/repository/org/seleniumhq/selenium/selenium-opera-driver/4.1.2/selenium-opera-driver-4.1.2.jar:/Users/abhimanyukoul/.m2/repository/org/seleniumhq/selenium/selenium-safari-driver/4.1.2/selenium-safari-driver-4.1.2.jar:/Users/abhimanyukoul/.m2/repository/org/seleniumhq/selenium/selenium-support/4.1.2/selenium-support-4.1.2.jar:/Users/abhimanyukoul/.m2/repository/org/seleniumhq/selenium/selenium-chrome-driver/4.1.2/selenium-chrome-driver-4.1.2.jar:/Users/abhimanyukoul/.m2/repository/com/google/auto/service/auto-service-annotations/1.0.1/auto-service-annotations-1.0.1.jar:/Users/abhimanyukoul/.m2/repository/com/google/auto/service/auto-service/1.0.1/auto-service-1.0.1.jar:/Users/abhimanyukoul/.m2/repository/com/google/auto/auto-common/1.2/auto-common-1.2.jar:/Users/abhimanyukoul/.m2/repository/com/google/guava/guava/31.0.1-jre/guava-31.0.1-jre.jar:/Users/abhimanyukoul/.m2/repository/com/google/guava/failureaccess/1.0.1/failureaccess-1.0.1.jar:/Users/abhimanyukoul/.m2/repository/com/google/guava/listenablefuture/9999.0-empty-to-avoid-conflict-with-guava/listenablefuture-9999.0-empty-to-avoid-conflict-with-guava.jar:/Users/abhimanyukoul/.m2/repository/com/google/code/findbugs/jsr305/3.0.2/jsr305-3.0.2.jar:/Users/abhimanyukoul/.m2/repository/org/checkerframework/checker-qual/3.12.0/checker-qual-3.12.0.jar:/Users/abhimanyukoul/.m2/repository/com/google/errorprone/error_prone_annotations/2.7.1/error_prone_annotations-2.7.1.jar:/Users/abhimanyukoul/.m2/repository/com/google/j2objc/j2objc-annotations/1.3/j2objc-annotations-1.3.jar:/Users/abhimanyukoul/.m2/repository/org/seleniumhq/selenium/selenium-chromium-driver/4.1.2/selenium-chromium-driver-4.1.2.jar:/Users/abhimanyukoul/.m2/repository/org/seleniumhq/selenium/selenium-json/4.1.2/selenium-json-4.1.2.jar:/Users/abhimanyukoul/.m2/repository/org/seleniumhq/selenium/selenium-remote-driver/4.1.2/selenium-remote-driver-4.1.2.jar:/Users/abhimanyukoul/.m2/repository/com/beust/jcommander/1.82/jcommander-1.82.jar:/Users/abhimanyukoul/.m2/repository/io/netty/netty-buffer/4.1.73.Final/netty-buffer-4.1.73.Final.jar:/Users/abhimanyukoul/.m2/repository/io/netty/netty-codec-http/4.1.73.Final/netty-codec-http-4.1.73.Final.jar:/Users/abhimanyukoul/.m2/repository/io/netty/netty-codec/4.1.73.Final/netty-codec-4.1.73.Final.jar:/Users/abhimanyukoul/.m2/repository/io/netty/netty-handler/4.1.73.Final/netty-handler-4.1.73.Final.jar:/Users/abhimanyukoul/.m2/repository/io/netty/netty-tcnative-classes/2.0.46.Final/netty-tcnative-classes-2.0.46.Final.jar:/Users/abhimanyukoul/.m2/repository/io/netty/netty-common/4.1.73.Final/netty-common-4.1.73.Final.jar:/Users/abhimanyukoul/.m2/repository/io/netty/netty-transport-classes-epoll/4.1.73.Final/netty-transport-classes-epoll-4.1.73.Final.jar:/Users/abhimanyukoul/.m2/repository/io/netty/netty-transport-classes-kqueue/4.1.73.Final/netty-transport-classes-kqueue-4.1.73.Final.jar:/Users/abhimanyukoul/.m2/repository/io/netty/netty-transport-native-epoll/4.1.73.Final/netty-transport-native-epoll-4.1.73.Final.jar:/Users/abhimanyukoul/.m2/repository/io/netty/netty-transport-native-kqueue/4.1.73.Final/netty-transport-native-kqueue-4.1.73.Final.jar:/Users/abhimanyukoul/.m2/repository/io/netty/netty-transport-native-unix-common/4.1.73.Final/netty-transport-native-unix-common-4.1.73.Final.jar:/Users/abhimanyukoul/.m2/repository/io/netty/netty-transport/4.1.73.Final/netty-transport-4.1.73.Final.jar:/Users/abhimanyukoul/.m2/repository/io/netty/netty-resolver/4.1.73.Final/netty-resolver-4.1.73.Final.jar:/Users/abhimanyukoul/.m2/repository/io/opentelemetry/opentelemetry-api/1.10.1/opentelemetry-api-1.10.1.jar:/Users/abhimanyukoul/.m2/repository/io/opentelemetry/opentelemetry-context/1.10.1/opentelemetry-context-1.10.1.jar:/Users/abhimanyukoul/.m2/repository/io/opentelemetry/opentelemetry-exporter-logging/1.10.1/opentelemetry-exporter-logging-1.10.1.jar:/Users/abhimanyukoul/.m2/repository/io/opentelemetry/opentelemetry-sdk-metrics/1.10.1-alpha/opentelemetry-sdk-metrics-1.10.1-alpha.jar:/Users/abhimanyukoul/.m2/repository/io/opentelemetry/opentelemetry-sdk-logs/1.10.1-alpha/opentelemetry-sdk-logs-1.10.1-alpha.jar:/Users/abhimanyukoul/.m2/repository/io/opentelemetry/opentelemetry-sdk-common/1.10.1/opentelemetry-sdk-common-1.10.1.jar:/Users/abhimanyukoul/.m2/repository/io/opentelemetry/opentelemetry-sdk-extension-autoconfigure-spi/1.10.1/opentelemetry-sdk-extension-autoconfigure-spi-1.10.1.jar:/Users/abhimanyukoul/.m2/repository/io/opentelemetry/opentelemetry-sdk-extension-autoconfigure/1.10.1-alpha/opentelemetry-sdk-extension-autoconfigure-1.10.1-alpha.jar:/Users/abhimanyukoul/.m2/repository/io/opentelemetry/opentelemetry-sdk-trace/1.10.1/opentelemetry-sdk-trace-1.10.1.jar:/Users/abhimanyukoul/.m2/repository/io/opentelemetry/opentelemetry-sdk/1.10.1/opentelemetry-sdk-1.10.1.jar:/Users/abhimanyukoul/.m2/repository/io/opentelemetry/opentelemetry-semconv/1.10.1-alpha/opentelemetry-semconv-1.10.1-alpha.jar:/Users/abhimanyukoul/.m2/repository/io/ous/jtoml/2.0.0/jtoml-2.0.0.jar:/Users/abhimanyukoul/.m2/repository/net/bytebuddy/byte-buddy/1.12.7/byte-buddy-1.12.7.jar:/Users/abhimanyukoul/.m2/repository/org/apache/commons/commons-exec/1.3/commons-exec-1.3.jar:/Users/abhimanyukoul/.m2/repository/org/asynchttpclient/async-http-client/2.12.3/async-http-client-2.12.3.jar:/Users/abhimanyukoul/.m2/repository/org/asynchttpclient/async-http-client-netty-utils/2.12.3/async-http-client-netty-utils-2.12.3.jar:/Users/abhimanyukoul/.m2/repository/io/netty/netty-codec-socks/4.1.60.Final/netty-codec-socks-4.1.60.Final.jar:/Users/abhimanyukoul/.m2/repository/io/netty/netty-handler-proxy/4.1.60.Final/netty-handler-proxy-4.1.60.Final.jar:/Users/abhimanyukoul/.m2/repository/io/netty/netty-transport-native-epoll/4.1.60.Final/netty-transport-native-epoll-4.1.60.Final-linux-x86_64.jar:/Users/abhimanyukoul/.m2/repository/io/netty/netty-transport-native-kqueue/4.1.60.Final/netty-transport-native-kqueue-4.1.60.Final-osx-x86_64.jar:/Users/abhimanyukoul/.m2/repository/org/reactivestreams/reactive-streams/1.0.3/reactive-streams-1.0.3.jar:/Users/abhimanyukoul/.m2/repository/com/typesafe/netty/netty-reactive-streams/2.0.4/netty-reactive-streams-2.0.4.jar:/Users/abhimanyukoul/.m2/repository/org/slf4j/slf4j-api/1.7.30/slf4j-api-1.7.30.jar:/Users/abhimanyukoul/.m2/repository/com/sun/activation/jakarta.activation/1.2.2/jakarta.activation-1.2.2.jar:/Users/abhimanyukoul/.m2/repository/org/seleniumhq/selenium/selenium-http/4.1.2/selenium-http-4.1.2.jar:/Users/abhimanyukoul/.m2/repository/net/jodah/failsafe/2.4.4/failsafe-2.4.4.jar:/Users/abhimanyukoul/.m2/repository/junit/junit/4.13.2/junit-4.13.2.jar:/Users/abhimanyukoul/.m2/repository/org/hamcrest/hamcrest-core/1.3/hamcrest-core-1.3.jar:/Users/abhimanyukoul/.m2/repository/org/apache/httpcomponents/httpclient/4.5.13/httpclient-4.5.13.jar:/Users/abhimanyukoul/.m2/repository/org/apache/httpcomponents/httpcore/4.4.13/httpcore-4.4.13.jar:/Users/abhimanyukoul/.m2/repository/commons-logging/commons-logging/1.2/commons-logging-1.2.jar:/Users/abhimanyukoul/.m2/repository/commons-codec/commons-codec/1.11/commons-codec-1.11.jar:/Users/abhimanyukoul/.m2/repository/com/browserstack/browserstack-local-java/1.0.6/browserstack-local-java-1.0.6.jar:/Users/abhimanyukoul/.m2/repository/commons-io/commons-io/1.3.2/commons-io-1.3.2.jar:/Users/abhimanyukoul/.m2/repository/org/json/json/20160212/json-20160212.jar:/Users/abhimanyukoul/.m2/repository/io/percy/percy-java-selenium/1.0.0/percy-java-selenium-1.0.0.jar:/Users/abhimanyukoul/.m2/repository/org/apache/maven/plugins/maven-surefire-report-plugin/3.0.0-M5/maven-surefire-report-plugin-3.0.0-M5.jar:/Users/abhimanyukoul/.m2/repository/org/apache/maven/surefire/surefire-report-parser/3.0.0-M5/surefire-report-parser-3.0.0-M5.jar:/Users/abhimanyukoul/.m2/repository/org/apache/maven/surefire/surefire-logger-api/3.0.0-M5/surefire-logger-api-3.0.0-M5.jar:/Users/abhimanyukoul/.m2/repository/org/apache/maven/surefire/surefire-shared-utils/3.0.0-M4/surefire-shared-utils-3.0.0-M4.jar:/Users/abhimanyukoul/.m2/repository/org/apache/maven/reporting/maven-reporting-api/3.0/maven-reporting-api-3.0.jar:/Users/abhimanyukoul/.m2/repository/org/apache/maven/maven-plugin-api/3.0/maven-plugin-api-3.0.jar:/Users/abhimanyukoul/.m2/repository/org/apache/maven/maven-model/3.0/maven-model-3.0.jar:/Users/abhimanyukoul/.m2/repository/org/apache/maven/maven-artifact/3.0/maven-artifact-3.0.jar:/Users/abhimanyukoul/.m2/repository/org/sonatype/sisu/sisu-inject-plexus/1.4.2/sisu-inject-plexus-1.4.2.jar:/Users/abhimanyukoul/.m2/repository/org/codehaus/plexus/plexus-classworlds/2.2.3/plexus-classworlds-2.2.3.jar:/Users/abhimanyukoul/.m2/repository/org/sonatype/sisu/sisu-inject-bean/1.4.2/sisu-inject-bean-1.4.2.jar:/Users/abhimanyukoul/.m2/repository/org/sonatype/sisu/sisu-guice/2.1.7/sisu-guice-2.1.7-noaop.jar:/Users/abhimanyukoul/.m2/repository/org/apache/maven/reporting/maven-reporting-impl/3.0.0/maven-reporting-impl-3.0.0.jar:/Users/abhimanyukoul/.m2/repository/org/apache/maven/maven-core/3.0/maven-core-3.0.jar:/Users/abhimanyukoul/.m2/repository/org/apache/maven/maven-settings/3.0/maven-settings-3.0.jar:/Users/abhimanyukoul/.m2/repository/org/apache/maven/maven-settings-builder/3.0/maven-settings-builder-3.0.jar:/Users/abhimanyukoul/.m2/repository/org/apache/maven/maven-repository-metadata/3.0/maven-repository-metadata-3.0.jar:/Users/abhimanyukoul/.m2/repository/org/apache/maven/maven-model-builder/3.0/maven-model-builder-3.0.jar:/Users/abhimanyukoul/.m2/repository/org/apache/maven/maven-aether-provider/3.0/maven-aether-provider-3.0.jar:/Users/abhimanyukoul/.m2/repository/org/sonatype/aether/aether-impl/1.7/aether-impl-1.7.jar:/Users/abhimanyukoul/.m2/repository/org/sonatype/aether/aether-spi/1.7/aether-spi-1.7.jar:/Users/abhimanyukoul/.m2/repository/org/sonatype/aether/aether-api/1.7/aether-api-1.7.jar:/Users/abhimanyukoul/.m2/repository/org/sonatype/aether/aether-util/1.7/aether-util-1.7.jar:/Users/abhimanyukoul/.m2/repository/org/codehaus/plexus/plexus-interpolation/1.14/plexus-interpolation-1.14.jar:/Users/abhimanyukoul/.m2/repository/org/sonatype/plexus/plexus-sec-dispatcher/1.3/plexus-sec-dispatcher-1.3.jar:/Users/abhimanyukoul/.m2/repository/org/sonatype/plexus/plexus-cipher/1.4/plexus-cipher-1.4.jar:/Users/abhimanyukoul/.m2/repository/org/apache/maven/shared/maven-shared-utils/3.2.0/maven-shared-utils-3.2.0.jar:/Users/abhimanyukoul/.m2/repository/org/codehaus/plexus/plexus-utils/3.0.24/plexus-utils-3.0.24.jar:/Users/abhimanyukoul/.m2/repository/org/apache/maven/doxia/doxia-sink-api/1.9.1/doxia-sink-api-1.9.1.jar:/Users/abhimanyukoul/.m2/repository/org/apache/maven/doxia/doxia-logging-api/1.9.1/doxia-logging-api-1.9.1.jar:/Users/abhimanyukoul/.m2/repository/org/apache/maven/doxia/doxia-decoration-model/1.9.2/doxia-decoration-model-1.9.2.jar:/Users/abhimanyukoul/.m2/repository/org/codehaus/plexus/plexus-component-annotations/2.0.0/plexus-component-annotations-2.0.0.jar:/Users/abhimanyukoul/.m2/repository/org/apache/maven/doxia/doxia-core/1.9.1/doxia-core-1.9.1.jar:/Users/abhimanyukoul/.m2/repository/org/codehaus/plexus/plexus-container-default/1.7.1/plexus-container-default-1.7.1.jar:/Users/abhimanyukoul/.m2/repository/org/apache/xbean/xbean-reflect/3.7/xbean-reflect-3.7.jar:/Users/abhimanyukoul/.m2/repository/com/google/collections/google-collections/1.0/google-collections-1.0.jar:/Users/abhimanyukoul/.m2/repository/org/apache/commons/commons-lang3/3.5/commons-lang3-3.5.jar:/Users/abhimanyukoul/.m2/repository/org/apache/maven/doxia/doxia-site-renderer/1.9.2/doxia-site-renderer-1.9.2.jar:/Users/abhimanyukoul/.m2/repository/org/apache/maven/doxia/doxia-skin-model/1.9.2/doxia-skin-model-1.9.2.jar:/Users/abhimanyukoul/.m2/repository/org/apache/maven/doxia/doxia-module-xhtml/1.9.1/doxia-module-xhtml-1.9.1.jar:/Users/abhimanyukoul/.m2/repository/org/apache/maven/doxia/doxia-module-xhtml5/1.9.1/doxia-module-xhtml5-1.9.1.jar:/Users/abhimanyukoul/.m2/repository/org/codehaus/plexus/plexus-i18n/1.0-beta-10/plexus-i18n-1.0-beta-10.jar:/Users/abhimanyukoul/.m2/repository/org/codehaus/plexus/plexus-velocity/1.2/plexus-velocity-1.2.jar:/Users/abhimanyukoul/.m2/repository/org/apache/velocity/velocity/1.7/velocity-1.7.jar:/Users/abhimanyukoul/.m2/repository/org/apache/velocity/velocity-tools/2.0/velocity-tools-2.0.jar:/Users/abhimanyukoul/.m2/repository/commons-beanutils/commons-beanutils/1.7.0/commons-beanutils-1.7.0.jar:/Users/abhimanyukoul/.m2/repository/commons-digester/commons-digester/1.8/commons-digester-1.8.jar:/Users/abhimanyukoul/.m2/repository/commons-chain/commons-chain/1.1/commons-chain-1.1.jar:/Users/abhimanyukoul/.m2/repository/dom4j/dom4j/1.1/dom4j-1.1.jar:/Users/abhimanyukoul/.m2/repository/oro/oro/2.0.8/oro-2.0.8.jar:/Users/abhimanyukoul/.m2/repository/commons-collections/commons-collections/3.2.2/commons-collections-3.2.2.jar:/Users/abhimanyukoul/.m2/repository/commons-lang/commons-lang/2.6/commons-lang-2.6.jar:"/>
    <property name="sun.cpu.endian" value="little"/>
    <property name="user.home" value="/Users/abhimanyukoul"/>
    <property name="user.language" value="en"/>
    <property name="java.specification.vendor" value="Oracle Corporation"/>
    <property name="java.version.date" value="2022-01-18"/>
    <property name="java.home" value="/Users/abhimanyukoul/Library/Java/JavaVirtualMachines/openjdk-17.0.2/Contents/Home"/>
    <property name="file.separator" value="/"/>
    <property name="basedir" value="/Users/abhimanyukoul/IdeaProjects/PercySeleniumJavaBrowserStackPlatformProject"/>
    <property name="java.vm.compressedOopsMode" value="Zero based"/>
    <property name="line.separator" value="&#10;"/>
    <property name="java.vm.specification.vendor" value="Oracle Corporation"/>
    <property name="java.specification.name" value="Java Platform API Specification"/>
    <property name="surefire.real.class.path" value="/Users/abhimanyukoul/IdeaProjects/PercySeleniumJavaBrowserStackPlatformProject/target/surefire/surefirebooter11080635504336627062.jar"/>
    <property name="sun.management.compiler" value="HotSpot 64-Bit Tiered Compilers"/>
    <property name="java.runtime.version" value="17.0.2+8-86"/>
    <property name="user.name" value="abhimanyukoul"/>
    <property name="path.separator" value=":"/>
    <property name="os.version" value="12.3.1"/>
    <property name="java.runtime.name" value="OpenJDK Runtime Environment"/>
    <property name="file.encoding" value="US-ASCII"/>
    <property name="java.vm.name" value="OpenJDK 64-Bit Server VM"/>
    <property name="localRepository" value="/Users/abhimanyukoul/.m2/repository"/>
    <property name="java.vendor.url.bug" value="https://bugreport.java.com/bugreport/"/>
    <property name="java.io.tmpdir" value="/var/folders/6l/z8138jy11cj980wv0mkrtbjh0000gq/T/"/>
    <property name="java.version" value="17.0.2"/>
    <property name="user.dir" value="/Users/abhimanyukoul/IdeaProjects/PercySeleniumJavaBrowserStackPlatformProject"/>
    <property name="os.arch" value="x86_64"/>
    <property name="java.vm.specification.name" value="Java Virtual Machine Specification"/>
    <property name="native.encoding" value="US-ASCII"/>
    <property name="java.library.path" value="/Users/abhimanyukoul/Library/Java/Extensions:/Library/Java/Extensions:/Network/Library/Java/Extensions:/System/Library/Java/Extensions:/usr/lib/java:."/>
    <property name="java.vm.info" value="mixed mode, sharing"/>
    <property name="java.vendor" value="Oracle Corporation"/>
    <property name="java.vm.version" value="17.0.2+8-86"/>
    <property name="sun.io.unicode.encoding" value="UnicodeBig"/>
    <property name="java.class.version" value="61.0"/>
  </properties>
  <testcase name="executeFileUploadScenarioPercyTest" classname="org.percyScripts.myFirstPercySeleniumScriptTest" time="20.863">
    <system-out><![CDATA[[&amp#27;[35mpercy&amp#27;[39m] Percy is not running, disabling snapshots
Wed Jun 01 18:56:34 IST 2022 SEVERE https://298279967.log.optimizely.com/event?a=298279967&d=298279967&y=false&n=https%3A%2F%2Fthe-internet.herokuapp.com%2Fupload&u=oeu1654089994334r0.08967301964039831&wxhr=true&t=1654089994337&f=298349752,318188263 - Failed to load resource: net::ERR_NAME_NOT_RESOLVED
Wed Jun 01 18:56:35 IST 2022 SEVERE https://the-internet.herokuapp.com/favicon.ico - Failed to load resource: the server responded with a status of 404 (Not Found)
Wed Jun 01 18:56:36 IST 2022 INFO console-api 2:32 "Writing logs on Browser Console through Selenium script"
Wed Jun 01 18:56:36 IST 2022 WARNING console-api 2:32 "Warning!"
Wed Jun 01 18:56:36 IST 2022 SEVERE console-api 2:32 "Error!"
]]></system-out>
    <system-err><![CDATA[Jun 01, 2022 6:56:19 PM org.openqa.selenium.remote.tracing.opentelemetry.OpenTelemetryTracer createTracer
INFO: Using OpenTelemetry for tracing
SLF4J: Failed to load class "org.slf4j.impl.StaticLoggerBinder".
SLF4J: Defaulting to no-operation (NOP) logger implementation
SLF4J: See http://www.slf4j.org/codes.html#StaticLoggerBinder for further details.
Jun 01, 2022 6:56:31 PM org.openqa.selenium.remote.ProtocolHandshake createSession
INFO: Detected dialect: W3C
org.openqa.selenium.InvalidArgumentException: invalid argument: File not found : <path of the file to be uploaded including file.extension>
  (Session info: chrome=102.0.5005.61)
Build info: version: '4.1.2', revision: '9a5a329c5a'
System info: host: 'Abhimanyus-MacBook-Pro.local', ip: '2405:201:5501:50fb:b5ca:c21:b145:4a8d%en0', os.name: 'Mac OS X', os.arch: 'x86_64', os.version: '12.3.1', java.version: '17.0.2'
Driver info: org.openqa.selenium.remote.RemoteWebDriver
Command: [b3276cac2c038e13c7ceaf55437f895d02612542, sendKeysToElement {id=3542e278-b0a7-4e43-94fe-e9294d397173, value=[Ljava.lang.CharSequence;@5d235104}]
Capabilities {acceptInsecureCerts: true, browserName: chrome, browserVersion: 102.0.5005.61, chrome: {chromedriverVersion: 102.0.5005.27 (df4a85108ffa..., userDataDir: /var/folders/yj/h3bj394n2tn...}, goog:chromeOptions: {debuggerAddress: localhost:9222}, javascriptEnabled: true, networkConnectionEnabled: false, pageLoadStrategy: normal, platform: MAC, platformName: MAC, proxy: Proxy(), se:cdpVersion: 102.0.5005.61, setWindowRect: true, strictFileInteractability: false, timeouts: {implicit: 0, pageLoad: 300000, script: 30000}, unhandledPromptBehavior: dismiss and notify, webauthn:extension:credBlob: true, webauthn:extension:largeBlob: true, webauthn:virtualAuthenticators: true}
Element: [[RemoteWebDriver: chrome on MAC (b3276cac2c038e13c7ceaf55437f895d02612542)] -> css selector: input#file-upload]
Session ID: b3276cac2c038e13c7ceaf55437f895d02612542
	at java.base/jdk.internal.reflect.NativeConstructorAccessorImpl.newInstance0(Native Method)
	at java.base/jdk.internal.reflect.NativeConstructorAccessorImpl.newInstance(NativeConstructorAccessorImpl.java:77)
	at java.base/jdk.internal.reflect.DelegatingConstructorAccessorImpl.newInstance(DelegatingConstructorAccessorImpl.java:45)
	at java.base/java.lang.reflect.Constructor.newInstanceWithCaller(Constructor.java:499)
	at java.base/java.lang.reflect.Constructor.newInstance(Constructor.java:480)
	at org.openqa.selenium.remote.codec.w3c.W3CHttpResponseCodec.createException(W3CHttpResponseCodec.java:200)
	at org.openqa.selenium.remote.codec.w3c.W3CHttpResponseCodec.decode(W3CHttpResponseCodec.java:133)
	at org.openqa.selenium.remote.codec.w3c.W3CHttpResponseCodec.decode(W3CHttpResponseCodec.java:53)
	at org.openqa.selenium.remote.HttpCommandExecutor.execute(HttpCommandExecutor.java:184)
	at org.openqa.selenium.remote.TracedCommandExecutor.execute(TracedCommandExecutor.java:51)
	at org.openqa.selenium.remote.RemoteWebDriver.execute(RemoteWebDriver.java:558)
	at org.openqa.selenium.remote.RemoteWebElement.execute(RemoteWebElement.java:251)
	at org.openqa.selenium.remote.RemoteWebElement.sendKeys(RemoteWebElement.java:107)
	at org.percyScripts.myFirstPercySeleniumScriptTest.executeFileUploadScenarioPercyTest(myFirstPercySeleniumScriptTest.java:91)
	at java.base/jdk.internal.reflect.NativeMethodAccessorImpl.invoke0(Native Method)
	at java.base/jdk.internal.reflect.NativeMethodAccessorImpl.invoke(NativeMethodAccessorImpl.java:77)
	at java.base/jdk.internal.reflect.DelegatingMethodAccessorImpl.invoke(DelegatingMethodAccessorImpl.java:43)
	at java.base/java.lang.reflect.Method.invoke(Method.java:568)
	at org.junit.runners.model.FrameworkMethod$1.runReflectiveCall(FrameworkMethod.java:59)
	at org.junit.internal.runners.model.ReflectiveCallable.run(ReflectiveCallable.java:12)
	at org.junit.runners.model.FrameworkMethod.invokeExplosively(FrameworkMethod.java:56)
	at org.junit.internal.runners.statements.InvokeMethod.evaluate(InvokeMethod.java:17)
	at org.junit.internal.runners.statements.RunBefores.evaluate(RunBefores.java:26)
	at org.junit.internal.runners.statements.RunAfters.evaluate(RunAfters.java:27)
	at org.junit.runners.ParentRunner$3.evaluate(ParentRunner.java:306)
	at org.junit.runners.BlockJUnit4ClassRunner$1.evaluate(BlockJUnit4ClassRunner.java:100)
	at org.junit.runners.ParentRunner.runLeaf(ParentRunner.java:366)
	at org.junit.runners.BlockJUnit4ClassRunner.runChild(BlockJUnit4ClassRunner.java:103)
	at org.junit.runners.BlockJUnit4ClassRunner.runChild(BlockJUnit4ClassRunner.java:63)
	at org.junit.runners.ParentRunner$4.run(ParentRunner.java:331)
	at org.junit.runners.ParentRunner$1.schedule(ParentRunner.java:79)
	at org.junit.runners.ParentRunner.runChildren(ParentRunner.java:329)
	at org.junit.runners.ParentRunner.access$100(ParentRunner.java:66)
	at org.junit.runners.ParentRunner$2.evaluate(ParentRunner.java:293)
	at org.junit.runners.ParentRunner$3.evaluate(ParentRunner.java:306)
	at org.junit.runners.ParentRunner.run(ParentRunner.java:413)
	at org.apache.maven.surefire.junit4.JUnit4Provider.execute(JUnit4Provider.java:364)
	at org.apache.maven.surefire.junit4.JUnit4Provider.executeWithRerun(JUnit4Provider.java:272)
	at org.apache.maven.surefire.junit4.JUnit4Provider.executeTestSet(JUnit4Provider.java:237)
	at org.apache.maven.surefire.junit4.JUnit4Provider.invoke(JUnit4Provider.java:158)
	at org.apache.maven.surefire.booter.ForkedBooter.runSuitesInProcess(ForkedBooter.java:428)
	at org.apache.maven.surefire.booter.ForkedBooter.execute(ForkedBooter.java:162)
	at org.apache.maven.surefire.booter.ForkedBooter.run(ForkedBooter.java:562)
	at org.apache.maven.surefire.booter.ForkedBooter.main(ForkedBooter.java:548)
]]></system-err>
  </testcase>
</testsuite>